

Started GET "/" for ::1 at 2016-04-27 10:57:02 -0400
Processing by TournamentsController#index as HTML
  Rendered tournaments/index.html.erb within layouts/application (28.7ms)
Completed 200 OK in 982ms (Views: 981.6ms | ActiveRecord: 0.0ms)


Started GET "/assets/bootstrap.self-f483ac3b88e1e3370077b698c09eeccfa05db3d0e26a303a9067085517dd829c.css?body=1" for ::1 at 2016-04-27 10:57:04 -0400


Started GET "/assets/tournaments.self-6d2bc1e9c564bdadff8dd9ed601cd16cfebad46dc4033dfdd3055345a9cddc26.css?body=1" for ::1 at 2016-04-27 10:57:04 -0400


Started GET "/assets/application.self-d885a0a66bd595c10edb24f8879f94e334d88be0730c4d7c7a7b57c731c09037.css?body=1" for ::1 at 2016-04-27 10:57:04 -0400


Started GET "/assets/jquery_readyselector.self-e8333e4cf02799551960a3d4743eee34a3486889bfb9339716ea7deafb7b5224.js?body=1" for ::1 at 2016-04-27 10:57:04 -0400


Started GET "/assets/jquery_ujs.self-d602bdfe68ffc63b9f9cc512872aa3cfff046228a0a36e90dd476e8ef54c1b09.js?body=1" for ::1 at 2016-04-27 10:57:04 -0400


Started GET "/assets/jquery.self-c64a74367bda6ef8b860f19e74df08927ca99d2be2ac934e9e92d5fd361e0da4.js?body=1" for ::1 at 2016-04-27 10:57:04 -0400


Started GET "/assets/bootstrap.self-2bbd2c0465f01b1f8270958ddfc2e62a08915f295a35d22df2971eb936cf3c64.js?body=1" for ::1 at 2016-04-27 10:57:04 -0400


Started GET "/assets/build-error-html.self-5fe653b6c12fee9832fa0fde9c3a201b39d4d2e094ffa0494e4545c21260ac84.js?body=1" for ::1 at 2016-04-27 10:57:04 -0400


Started GET "/assets/tournament-new.self-2c228e2bdf8deb82248a753ebacc70a5d3d96d93e3c6ce75639cf3e4387f9bfd.js?body=1" for ::1 at 2016-04-27 10:57:04 -0400


Started GET "/assets/build-tourney-html.self-ad498f66a5be7bd61752052559cec3db8f612030f0769e16a0b2e8da7a5752fd.js?body=1" for ::1 at 2016-04-27 10:57:04 -0400


Started GET "/assets/build-tourney-list-html.self-b543f1c45e64cf6131722a6793a5c941c6738105abbc7cd54724623b02630080.js?body=1" for ::1 at 2016-04-27 10:57:04 -0400


Started GET "/assets/tournaments-index.self-ae549ecf426b408499148430bdede6fc35266bac623ed81d5d000e12363a181a.js?body=1" for ::1 at 2016-04-27 10:57:04 -0400


Started GET "/assets/application.self-f8806224e027f3e3f0138ea9ce99319e298dfdb323304d1f1be6eae8e8c74724.js?body=1" for ::1 at 2016-04-27 10:57:04 -0400


Started GET "/assets/tournaments.self-d8ac4eba90c65f43025ec5fba60840863af26310beecab62c6e2983dc07953f9.js?body=1" for ::1 at 2016-04-27 10:57:04 -0400


Started GET "/api/tournaments.json" for ::1 at 2016-04-27 10:57:04 -0400

ActionController::RoutingError (No route matches [GET] "/api/tournaments.json"):
  actionpack (4.2.1) lib/action_dispatch/middleware/debug_exceptions.rb:21:in `call'
  web-console (2.3.0) lib/web_console/middleware.rb:28:in `block in call'
  web-console (2.3.0) lib/web_console/middleware.rb:18:in `catch'
  web-console (2.3.0) lib/web_console/middleware.rb:18:in `call'
  actionpack (4.2.1) lib/action_dispatch/middleware/show_exceptions.rb:30:in `call'
  railties (4.2.1) lib/rails/rack/logger.rb:38:in `call_app'
  railties (4.2.1) lib/rails/rack/logger.rb:20:in `block in call'
  activesupport (4.2.1) lib/active_support/tagged_logging.rb:68:in `block in tagged'
  activesupport (4.2.1) lib/active_support/tagged_logging.rb:26:in `tagged'
  activesupport (4.2.1) lib/active_support/tagged_logging.rb:68:in `tagged'
  railties (4.2.1) lib/rails/rack/logger.rb:20:in `call'
  actionpack (4.2.1) lib/action_dispatch/middleware/request_id.rb:21:in `call'
  rack (1.6.4) lib/rack/methodoverride.rb:22:in `call'
  rack (1.6.4) lib/rack/runtime.rb:18:in `call'
  activesupport (4.2.1) lib/active_support/cache/strategy/local_cache_middleware.rb:28:in `call'
  rack (1.6.4) lib/rack/lock.rb:17:in `call'
  actionpack (4.2.1) lib/action_dispatch/middleware/static.rb:113:in `call'
  rack (1.6.4) lib/rack/sendfile.rb:113:in `call'
  railties (4.2.1) lib/rails/engine.rb:518:in `call'
  railties (4.2.1) lib/rails/application.rb:164:in `call'
  rack (1.6.4) lib/rack/lock.rb:17:in `call'
  rack (1.6.4) lib/rack/content_length.rb:15:in `call'
  rack (1.6.4) lib/rack/handler/webrick.rb:88:in `service'
  /Users/josh/.rbenv/versions/2.2.2/lib/ruby/2.2.0/webrick/httpserver.rb:138:in `service'
  /Users/josh/.rbenv/versions/2.2.2/lib/ruby/2.2.0/webrick/httpserver.rb:94:in `run'
  /Users/josh/.rbenv/versions/2.2.2/lib/ruby/2.2.0/webrick/server.rb:294:in `block in start_thread'


  Rendered /Users/josh/.rbenv/versions/2.2.2/lib/ruby/gems/2.2.0/gems/actionpack-4.2.1/lib/action_dispatch/middleware/templates/rescues/_trace.text.erb (0.6ms)
  Rendered /Users/josh/.rbenv/versions/2.2.2/lib/ruby/gems/2.2.0/gems/actionpack-4.2.1/lib/action_dispatch/middleware/templates/rescues/routing_error.text.erb (31.5ms)


Started GET "/assets/bootstrap.css.map" for ::1 at 2016-04-27 10:57:08 -0400


Started GET "/" for 127.0.0.1 at 2016-05-02 17:19:40 -0400

ActiveRecord::PendingMigrationError (

Migrations are pending. To resolve this issue, run:

	bin/rake db:migrate RAILS_ENV=development

):
  activerecord (4.2.1) lib/active_record/migration.rb:393:in `check_pending!'
  activerecord (4.2.1) lib/active_record/migration.rb:374:in `call'
  actionpack (4.2.1) lib/action_dispatch/middleware/callbacks.rb:29:in `block in call'
  activesupport (4.2.1) lib/active_support/callbacks.rb:88:in `call'
  activesupport (4.2.1) lib/active_support/callbacks.rb:88:in `_run_callbacks'
  activesupport (4.2.1) lib/active_support/callbacks.rb:776:in `_run_call_callbacks'
  activesupport (4.2.1) lib/active_support/callbacks.rb:81:in `run_callbacks'
  actionpack (4.2.1) lib/action_dispatch/middleware/callbacks.rb:27:in `call'
  actionpack (4.2.1) lib/action_dispatch/middleware/reloader.rb:73:in `call'
  actionpack (4.2.1) lib/action_dispatch/middleware/remote_ip.rb:78:in `call'
  actionpack (4.2.1) lib/action_dispatch/middleware/debug_exceptions.rb:17:in `call'
  web-console (2.3.0) lib/web_console/middleware.rb:28:in `block in call'
  web-console (2.3.0) lib/web_console/middleware.rb:18:in `catch'
  web-console (2.3.0) lib/web_console/middleware.rb:18:in `call'
  actionpack (4.2.1) lib/action_dispatch/middleware/show_exceptions.rb:30:in `call'
  railties (4.2.1) lib/rails/rack/logger.rb:38:in `call_app'
  railties (4.2.1) lib/rails/rack/logger.rb:20:in `block in call'
  activesupport (4.2.1) lib/active_support/tagged_logging.rb:68:in `block in tagged'
  activesupport (4.2.1) lib/active_support/tagged_logging.rb:26:in `tagged'
  activesupport (4.2.1) lib/active_support/tagged_logging.rb:68:in `tagged'
  railties (4.2.1) lib/rails/rack/logger.rb:20:in `call'
  actionpack (4.2.1) lib/action_dispatch/middleware/request_id.rb:21:in `call'
  rack (1.6.4) lib/rack/methodoverride.rb:22:in `call'
  rack (1.6.4) lib/rack/runtime.rb:18:in `call'
  activesupport (4.2.1) lib/active_support/cache/strategy/local_cache_middleware.rb:28:in `call'
  rack (1.6.4) lib/rack/lock.rb:17:in `call'
  actionpack (4.2.1) lib/action_dispatch/middleware/static.rb:113:in `call'
  rack (1.6.4) lib/rack/sendfile.rb:113:in `call'
  railties (4.2.1) lib/rails/engine.rb:518:in `call'
  railties (4.2.1) lib/rails/application.rb:164:in `call'
  rack (1.6.4) lib/rack/lock.rb:17:in `call'
  rack (1.6.4) lib/rack/content_length.rb:15:in `call'
  rack (1.6.4) lib/rack/handler/webrick.rb:88:in `service'
  /home/afas/.rvm/rubies/ruby-2.2.1/lib/ruby/2.2.0/webrick/httpserver.rb:138:in `service'
  /home/afas/.rvm/rubies/ruby-2.2.1/lib/ruby/2.2.0/webrick/httpserver.rb:94:in `run'
  /home/afas/.rvm/rubies/ruby-2.2.1/lib/ruby/2.2.0/webrick/server.rb:294:in `block in start_thread'


  Rendered /home/afas/.rvm/gems/ruby-2.2.1/gems/actionpack-4.2.1/lib/action_dispatch/middleware/templates/rescues/_source.erb (9.0ms)
  Rendered /home/afas/.rvm/gems/ruby-2.2.1/gems/actionpack-4.2.1/lib/action_dispatch/middleware/templates/rescues/_trace.html.erb (4.7ms)
  Rendered /home/afas/.rvm/gems/ruby-2.2.1/gems/actionpack-4.2.1/lib/action_dispatch/middleware/templates/rescues/_request_and_response.html.erb (2.2ms)
  Rendered /home/afas/.rvm/gems/ruby-2.2.1/gems/actionpack-4.2.1/lib/action_dispatch/middleware/templates/rescues/diagnostics.html.erb within rescues/layout (45.9ms)
  Rendered /home/afas/.rvm/gems/ruby-2.2.1/gems/web-console-2.3.0/lib/web_console/templates/_markup.html.erb (1.0ms)
  Rendered /home/afas/.rvm/gems/ruby-2.2.1/gems/web-console-2.3.0/lib/web_console/templates/_inner_console_markup.html.erb within layouts/inlined_string (0.8ms)
  Rendered /home/afas/.rvm/gems/ruby-2.2.1/gems/web-console-2.3.0/lib/web_console/templates/_prompt_box_markup.html.erb within layouts/inlined_string (0.7ms)
  Rendered /home/afas/.rvm/gems/ruby-2.2.1/gems/web-console-2.3.0/lib/web_console/templates/style.css.erb within layouts/inlined_string (0.8ms)
  Rendered /home/afas/.rvm/gems/ruby-2.2.1/gems/web-console-2.3.0/lib/web_console/templates/console.js.erb within layouts/javascript (49.2ms)
  Rendered /home/afas/.rvm/gems/ruby-2.2.1/gems/web-console-2.3.0/lib/web_console/templates/main.js.erb within layouts/javascript (0.7ms)
  Rendered /home/afas/.rvm/gems/ruby-2.2.1/gems/web-console-2.3.0/lib/web_console/templates/error_page.js.erb within layouts/javascript (0.9ms)
  Rendered /home/afas/.rvm/gems/ruby-2.2.1/gems/web-console-2.3.0/lib/web_console/templates/index.html.erb (92.0ms)
  [1m[36m (157.6ms)[0m  [1mCREATE TABLE "schema_migrations" ("version" varchar NOT NULL) [0m
  [1m[35m (0.3ms)[0m  select sqlite_version(*)
  [1m[36m (120.9ms)[0m  [1mCREATE UNIQUE INDEX "unique_schema_migrations" ON "schema_migrations" ("version")[0m
  [1m[35mActiveRecord::SchemaMigration Load (0.3ms)[0m  SELECT "schema_migrations".* FROM "schema_migrations"
Migrating to CreateTournaments (20160502205819)
  [1m[36m (0.2ms)[0m  [1mbegin transaction[0m
  [1m[35m (1.0ms)[0m  CREATE TABLE "tournaments" ("id" INTEGER PRIMARY KEY AUTOINCREMENT NOT NULL, "name" varchar, "created_at" datetime NOT NULL, "updated_at" datetime NOT NULL) 
  [1m[36mSQL (0.4ms)[0m  [1mINSERT INTO "schema_migrations" ("version") VALUES (?)[0m  [["version", "20160502205819"]]
  [1m[35m (142.8ms)[0m  commit transaction
Migrating to CreatePlayers (20160502205902)
  [1m[36m (0.2ms)[0m  [1mbegin transaction[0m
  [1m[35m (0.7ms)[0m  CREATE TABLE "players" ("id" INTEGER PRIMARY KEY AUTOINCREMENT NOT NULL, "name" varchar, "created_at" datetime NOT NULL, "updated_at" datetime NOT NULL) 
  [1m[36mSQL (0.3ms)[0m  [1mINSERT INTO "schema_migrations" ("version") VALUES (?)[0m  [["version", "20160502205902"]]
  [1m[35m (160.8ms)[0m  commit transaction
Migrating to CreateRegistrations (20160502205931)
  [1m[36m (0.3ms)[0m  [1mbegin transaction[0m
  [1m[35m (1.2ms)[0m  CREATE TABLE "registrations" ("id" INTEGER PRIMARY KEY AUTOINCREMENT NOT NULL, "created_at" datetime NOT NULL, "updated_at" datetime NOT NULL) 
  [1m[36mSQL (0.5ms)[0m  [1mINSERT INTO "schema_migrations" ("version") VALUES (?)[0m  [["version", "20160502205931"]]
  [1m[35m (135.9ms)[0m  commit transaction
  [1m[36mActiveRecord::SchemaMigration Load (0.4ms)[0m  [1mSELECT "schema_migrations".* FROM "schema_migrations"[0m


Started GET "/" for 127.0.0.1 at 2016-05-02 17:20:05 -0400
  [1m[36mActiveRecord::SchemaMigration Load (0.4ms)[0m  [1mSELECT "schema_migrations".* FROM "schema_migrations"[0m
Processing by TournamentsController#index as HTML
  Rendered tournaments/index.html.erb within layouts/application (22.5ms)
Completed 200 OK in 1542ms (Views: 1540.9ms | ActiveRecord: 0.0ms)


Started GET "/" for 127.0.0.1 at 2016-05-02 17:20:07 -0400
Processing by TournamentsController#index as HTML
  Rendered tournaments/index.html.erb within layouts/application (1.4ms)
Completed 200 OK in 64ms (Views: 63.8ms | ActiveRecord: 0.0ms)


Started GET "/assets/bootstrap.self-f483ac3b88e1e3370077b698c09eeccfa05db3d0e26a303a9067085517dd829c.css?body=1" for 127.0.0.1 at 2016-05-02 17:20:07 -0400


Started GET "/assets/jquery.self-c64a74367bda6ef8b860f19e74df08927ca99d2be2ac934e9e92d5fd361e0da4.js?body=1" for 127.0.0.1 at 2016-05-02 17:20:07 -0400


Started GET "/assets/application.self-d885a0a66bd595c10edb24f8879f94e334d88be0730c4d7c7a7b57c731c09037.css?body=1" for 127.0.0.1 at 2016-05-02 17:20:07 -0400


Started GET "/assets/tournaments.self-210d043ea31a47cdcab16fee85d0096fb2e4754bf8fa1d369a7deb45a429623b.css?body=1" for 127.0.0.1 at 2016-05-02 17:20:07 -0400


Started GET "/assets/jquery_ujs.self-d602bdfe68ffc63b9f9cc512872aa3cfff046228a0a36e90dd476e8ef54c1b09.js?body=1" for 127.0.0.1 at 2016-05-02 17:20:07 -0400


Started GET "/assets/jquery_readyselector.self-e8333e4cf02799551960a3d4743eee34a3486889bfb9339716ea7deafb7b5224.js?body=1" for 127.0.0.1 at 2016-05-02 17:20:07 -0400


Started GET "/assets/bootstrap.self-2bbd2c0465f01b1f8270958ddfc2e62a08915f295a35d22df2971eb936cf3c64.js?body=1" for 127.0.0.1 at 2016-05-02 17:20:07 -0400


Started GET "/assets/build-error-html.self-5fe653b6c12fee9832fa0fde9c3a201b39d4d2e094ffa0494e4545c21260ac84.js?body=1" for 127.0.0.1 at 2016-05-02 17:20:07 -0400


Started GET "/assets/build-tourney-list-html.self-b543f1c45e64cf6131722a6793a5c941c6738105abbc7cd54724623b02630080.js?body=1" for 127.0.0.1 at 2016-05-02 17:20:07 -0400


Started GET "/assets/build-tourney-html.self-ad498f66a5be7bd61752052559cec3db8f612030f0769e16a0b2e8da7a5752fd.js?body=1" for 127.0.0.1 at 2016-05-02 17:20:07 -0400


Started GET "/assets/tournament-new.self-2c228e2bdf8deb82248a753ebacc70a5d3d96d93e3c6ce75639cf3e4387f9bfd.js?body=1" for 127.0.0.1 at 2016-05-02 17:20:07 -0400


Started GET "/assets/tournaments-index.self-ae549ecf426b408499148430bdede6fc35266bac623ed81d5d000e12363a181a.js?body=1" for 127.0.0.1 at 2016-05-02 17:20:07 -0400


Started GET "/assets/tournaments.self-d8ac4eba90c65f43025ec5fba60840863af26310beecab62c6e2983dc07953f9.js?body=1" for 127.0.0.1 at 2016-05-02 17:20:07 -0400


Started GET "/assets/application.self-f8806224e027f3e3f0138ea9ce99319e298dfdb323304d1f1be6eae8e8c74724.js?body=1" for 127.0.0.1 at 2016-05-02 17:20:07 -0400


Started GET "/api/tournaments.json" for 127.0.0.1 at 2016-05-02 17:20:07 -0400

ActionController::RoutingError (No route matches [GET] "/api/tournaments.json"):
  actionpack (4.2.1) lib/action_dispatch/middleware/debug_exceptions.rb:21:in `call'
  web-console (2.3.0) lib/web_console/middleware.rb:28:in `block in call'
  web-console (2.3.0) lib/web_console/middleware.rb:18:in `catch'
  web-console (2.3.0) lib/web_console/middleware.rb:18:in `call'
  actionpack (4.2.1) lib/action_dispatch/middleware/show_exceptions.rb:30:in `call'
  railties (4.2.1) lib/rails/rack/logger.rb:38:in `call_app'
  railties (4.2.1) lib/rails/rack/logger.rb:20:in `block in call'
  activesupport (4.2.1) lib/active_support/tagged_logging.rb:68:in `block in tagged'
  activesupport (4.2.1) lib/active_support/tagged_logging.rb:26:in `tagged'
  activesupport (4.2.1) lib/active_support/tagged_logging.rb:68:in `tagged'
  railties (4.2.1) lib/rails/rack/logger.rb:20:in `call'
  actionpack (4.2.1) lib/action_dispatch/middleware/request_id.rb:21:in `call'
  rack (1.6.4) lib/rack/methodoverride.rb:22:in `call'
  rack (1.6.4) lib/rack/runtime.rb:18:in `call'
  activesupport (4.2.1) lib/active_support/cache/strategy/local_cache_middleware.rb:28:in `call'
  rack (1.6.4) lib/rack/lock.rb:17:in `call'
  actionpack (4.2.1) lib/action_dispatch/middleware/static.rb:113:in `call'
  rack (1.6.4) lib/rack/sendfile.rb:113:in `call'
  railties (4.2.1) lib/rails/engine.rb:518:in `call'
  railties (4.2.1) lib/rails/application.rb:164:in `call'
  rack (1.6.4) lib/rack/lock.rb:17:in `call'
  rack (1.6.4) lib/rack/content_length.rb:15:in `call'
  rack (1.6.4) lib/rack/handler/webrick.rb:88:in `service'
  /home/afas/.rvm/rubies/ruby-2.2.1/lib/ruby/2.2.0/webrick/httpserver.rb:138:in `service'
  /home/afas/.rvm/rubies/ruby-2.2.1/lib/ruby/2.2.0/webrick/httpserver.rb:94:in `run'
  /home/afas/.rvm/rubies/ruby-2.2.1/lib/ruby/2.2.0/webrick/server.rb:294:in `block in start_thread'


  Rendered /home/afas/.rvm/gems/ruby-2.2.1/gems/actionpack-4.2.1/lib/action_dispatch/middleware/templates/rescues/_trace.text.erb (1.5ms)
  Rendered /home/afas/.rvm/gems/ruby-2.2.1/gems/actionpack-4.2.1/lib/action_dispatch/middleware/templates/rescues/routing_error.text.erb (10.7ms)
  [1m[36m (137.3ms)[0m  [1mCREATE TABLE "schema_migrations" ("version" varchar NOT NULL) [0m
  [1m[35m (0.6ms)[0m  select sqlite_version(*)
  [1m[36m (105.6ms)[0m  [1mCREATE UNIQUE INDEX "unique_schema_migrations" ON "schema_migrations" ("version")[0m
  [1m[35mActiveRecord::SchemaMigration Load (0.7ms)[0m  SELECT "schema_migrations".* FROM "schema_migrations"
Migrating to CreateTournaments (20160502205819)
  [1m[36m (0.2ms)[0m  [1mbegin transaction[0m
  [1m[35m (1.0ms)[0m  CREATE TABLE "tournaments" ("id" INTEGER PRIMARY KEY AUTOINCREMENT NOT NULL, "name" varchar, "created_at" datetime NOT NULL, "updated_at" datetime NOT NULL) 
  [1m[36mSQL (0.4ms)[0m  [1mINSERT INTO "schema_migrations" ("version") VALUES (?)[0m  [["version", "20160502205819"]]
  [1m[35m (106.4ms)[0m  commit transaction
Migrating to CreatePlayers (20160502205902)
  [1m[36m (0.2ms)[0m  [1mbegin transaction[0m
  [1m[35m (0.7ms)[0m  CREATE TABLE "players" ("id" INTEGER PRIMARY KEY AUTOINCREMENT NOT NULL, "name" varchar, "created_at" datetime NOT NULL, "updated_at" datetime NOT NULL) 
  [1m[36mSQL (0.4ms)[0m  [1mINSERT INTO "schema_migrations" ("version") VALUES (?)[0m  [["version", "20160502205902"]]
  [1m[35m (105.8ms)[0m  commit transaction
Migrating to CreateRegistrations (20160502205931)
  [1m[36m (0.5ms)[0m  [1mbegin transaction[0m
  [1m[35m (2.1ms)[0m  CREATE TABLE "registrations" ("id" INTEGER PRIMARY KEY AUTOINCREMENT NOT NULL, "created_at" datetime NOT NULL, "updated_at" datetime NOT NULL) 
  [1m[36mSQL (0.5ms)[0m  [1mINSERT INTO "schema_migrations" ("version") VALUES (?)[0m  [["version", "20160502205931"]]
  [1m[35m (208.9ms)[0m  commit transaction
  [1m[36mActiveRecord::SchemaMigration Load (0.5ms)[0m  [1mSELECT "schema_migrations".* FROM "schema_migrations"[0m
  [1m[35mActiveRecord::SchemaMigration Load (0.3ms)[0m  SELECT "schema_migrations".* FROM "schema_migrations"
  [1m[36m (0.8ms)[0m  [1mbegin transaction[0m
  [1m[35mSQL (0.5ms)[0m  INSERT INTO "players" ("name", "created_at", "updated_at") VALUES (?, ?, ?)  [["name", "Andreza"], ["created_at", "2016-05-02 21:20:33.112553"], ["updated_at", "2016-05-02 21:20:33.112553"]]
  [1m[36m (107.6ms)[0m  [1mcommit transaction[0m
  [1m[35m (0.2ms)[0m  begin transaction
  [1m[36mSQL (0.5ms)[0m  [1mINSERT INTO "players" ("name", "created_at", "updated_at") VALUES (?, ?, ?)[0m  [["name", "Josh"], ["created_at", "2016-05-02 21:20:33.225665"], ["updated_at", "2016-05-02 21:20:33.225665"]]
  [1m[35m (106.7ms)[0m  commit transaction
  [1m[36m (0.2ms)[0m  [1mbegin transaction[0m
  [1m[35mSQL (0.6ms)[0m  INSERT INTO "players" ("name", "created_at", "updated_at") VALUES (?, ?, ?)  [["name", "Nizar"], ["created_at", "2016-05-02 21:20:33.337881"], ["updated_at", "2016-05-02 21:20:33.337881"]]
  [1m[36m (115.4ms)[0m  [1mcommit transaction[0m
  [1m[35m (0.2ms)[0m  begin transaction
  [1m[36mSQL (0.5ms)[0m  [1mINSERT INTO "tournaments" ("name", "created_at", "updated_at") VALUES (?, ?, ?)[0m  [["name", "PlayStation"], ["created_at", "2016-05-02 21:20:33.489571"], ["updated_at", "2016-05-02 21:20:33.489571"]]
  [1m[35m (110.4ms)[0m  commit transaction
  [1m[36m (0.2ms)[0m  [1mbegin transaction[0m
  [1m[35mSQL (0.4ms)[0m  INSERT INTO "tournaments" ("name", "created_at", "updated_at") VALUES (?, ?, ?)  [["name", "Xbox"], ["created_at", "2016-05-02 21:20:33.605559"], ["updated_at", "2016-05-02 21:20:33.605559"]]
  [1m[36m (128.4ms)[0m  [1mcommit transaction[0m
  [1m[35m (0.1ms)[0m  begin transaction
  [1m[36mSQL (0.4ms)[0m  [1mINSERT INTO "tournaments" ("name", "created_at", "updated_at") VALUES (?, ?, ?)[0m  [["name", "Nintendo"], ["created_at", "2016-05-02 21:20:33.739449"], ["updated_at", "2016-05-02 21:20:33.739449"]]
  [1m[35m (118.6ms)[0m  commit transaction


Started GET "/" for 127.0.0.1 at 2016-05-02 17:20:57 -0400
  [1m[36mActiveRecord::SchemaMigration Load (0.3ms)[0m  [1mSELECT "schema_migrations".* FROM "schema_migrations"[0m
Processing by TournamentsController#index as HTML
  Rendered tournaments/index.html.erb within layouts/application (23.3ms)
Completed 200 OK in 670ms (Views: 668.9ms | ActiveRecord: 0.0ms)


Started GET "/assets/bootstrap.self-f483ac3b88e1e3370077b698c09eeccfa05db3d0e26a303a9067085517dd829c.css?body=1" for 127.0.0.1 at 2016-05-02 17:20:58 -0400


Started GET "/assets/tournaments.self-210d043ea31a47cdcab16fee85d0096fb2e4754bf8fa1d369a7deb45a429623b.css?body=1" for 127.0.0.1 at 2016-05-02 17:20:58 -0400


Started GET "/assets/jquery.self-c64a74367bda6ef8b860f19e74df08927ca99d2be2ac934e9e92d5fd361e0da4.js?body=1" for 127.0.0.1 at 2016-05-02 17:20:58 -0400


Started GET "/assets/application.self-d885a0a66bd595c10edb24f8879f94e334d88be0730c4d7c7a7b57c731c09037.css?body=1" for 127.0.0.1 at 2016-05-02 17:20:58 -0400


Started GET "/assets/jquery_readyselector.self-e8333e4cf02799551960a3d4743eee34a3486889bfb9339716ea7deafb7b5224.js?body=1" for 127.0.0.1 at 2016-05-02 17:20:58 -0400


Started GET "/assets/jquery_ujs.self-d602bdfe68ffc63b9f9cc512872aa3cfff046228a0a36e90dd476e8ef54c1b09.js?body=1" for 127.0.0.1 at 2016-05-02 17:20:58 -0400


Started GET "/assets/bootstrap.self-2bbd2c0465f01b1f8270958ddfc2e62a08915f295a35d22df2971eb936cf3c64.js?body=1" for 127.0.0.1 at 2016-05-02 17:20:58 -0400


Started GET "/assets/build-error-html.self-5fe653b6c12fee9832fa0fde9c3a201b39d4d2e094ffa0494e4545c21260ac84.js?body=1" for 127.0.0.1 at 2016-05-02 17:20:58 -0400


Started GET "/assets/build-tourney-html.self-ad498f66a5be7bd61752052559cec3db8f612030f0769e16a0b2e8da7a5752fd.js?body=1" for 127.0.0.1 at 2016-05-02 17:20:58 -0400


Started GET "/assets/build-tourney-list-html.self-b543f1c45e64cf6131722a6793a5c941c6738105abbc7cd54724623b02630080.js?body=1" for 127.0.0.1 at 2016-05-02 17:20:58 -0400


Started GET "/assets/tournament-new.self-2c228e2bdf8deb82248a753ebacc70a5d3d96d93e3c6ce75639cf3e4387f9bfd.js?body=1" for 127.0.0.1 at 2016-05-02 17:20:58 -0400


Started GET "/assets/tournaments-index.self-ae549ecf426b408499148430bdede6fc35266bac623ed81d5d000e12363a181a.js?body=1" for 127.0.0.1 at 2016-05-02 17:20:58 -0400


Started GET "/assets/tournaments.self-d8ac4eba90c65f43025ec5fba60840863af26310beecab62c6e2983dc07953f9.js?body=1" for 127.0.0.1 at 2016-05-02 17:20:58 -0400


Started GET "/assets/application.self-f8806224e027f3e3f0138ea9ce99319e298dfdb323304d1f1be6eae8e8c74724.js?body=1" for 127.0.0.1 at 2016-05-02 17:20:58 -0400


Started GET "/api/tournaments.json" for 127.0.0.1 at 2016-05-02 17:20:59 -0400

ActionController::RoutingError (No route matches [GET] "/api/tournaments.json"):
  actionpack (4.2.1) lib/action_dispatch/middleware/debug_exceptions.rb:21:in `call'
  web-console (2.3.0) lib/web_console/middleware.rb:28:in `block in call'
  web-console (2.3.0) lib/web_console/middleware.rb:18:in `catch'
  web-console (2.3.0) lib/web_console/middleware.rb:18:in `call'
  actionpack (4.2.1) lib/action_dispatch/middleware/show_exceptions.rb:30:in `call'
  railties (4.2.1) lib/rails/rack/logger.rb:38:in `call_app'
  railties (4.2.1) lib/rails/rack/logger.rb:20:in `block in call'
  activesupport (4.2.1) lib/active_support/tagged_logging.rb:68:in `block in tagged'
  activesupport (4.2.1) lib/active_support/tagged_logging.rb:26:in `tagged'
  activesupport (4.2.1) lib/active_support/tagged_logging.rb:68:in `tagged'
  railties (4.2.1) lib/rails/rack/logger.rb:20:in `call'
  actionpack (4.2.1) lib/action_dispatch/middleware/request_id.rb:21:in `call'
  rack (1.6.4) lib/rack/methodoverride.rb:22:in `call'
  rack (1.6.4) lib/rack/runtime.rb:18:in `call'
  activesupport (4.2.1) lib/active_support/cache/strategy/local_cache_middleware.rb:28:in `call'
  rack (1.6.4) lib/rack/lock.rb:17:in `call'
  actionpack (4.2.1) lib/action_dispatch/middleware/static.rb:113:in `call'
  rack (1.6.4) lib/rack/sendfile.rb:113:in `call'
  railties (4.2.1) lib/rails/engine.rb:518:in `call'
  railties (4.2.1) lib/rails/application.rb:164:in `call'
  rack (1.6.4) lib/rack/lock.rb:17:in `call'
  rack (1.6.4) lib/rack/content_length.rb:15:in `call'
  rack (1.6.4) lib/rack/handler/webrick.rb:88:in `service'
  /home/afas/.rvm/rubies/ruby-2.2.1/lib/ruby/2.2.0/webrick/httpserver.rb:138:in `service'
  /home/afas/.rvm/rubies/ruby-2.2.1/lib/ruby/2.2.0/webrick/httpserver.rb:94:in `run'
  /home/afas/.rvm/rubies/ruby-2.2.1/lib/ruby/2.2.0/webrick/server.rb:294:in `block in start_thread'


  Rendered /home/afas/.rvm/gems/ruby-2.2.1/gems/actionpack-4.2.1/lib/action_dispatch/middleware/templates/rescues/_trace.text.erb (2.5ms)
  Rendered /home/afas/.rvm/gems/ruby-2.2.1/gems/actionpack-4.2.1/lib/action_dispatch/middleware/templates/rescues/routing_error.text.erb (12.6ms)


Started GET "/assets/bootstrap.css.map" for 127.0.0.1 at 2016-05-02 17:21:22 -0400


Started GET "/" for 127.0.0.1 at 2016-05-02 17:44:31 -0400
Processing by TournamentsController#index as HTML
  Rendered tournaments/index.html.erb within layouts/application (2.9ms)
Completed 200 OK in 101ms (Views: 99.9ms | ActiveRecord: 0.0ms)


Started GET "/assets/application.self-d885a0a66bd595c10edb24f8879f94e334d88be0730c4d7c7a7b57c731c09037.css?body=1" for 127.0.0.1 at 2016-05-02 17:44:32 -0400


Started GET "/assets/tournaments.self-210d043ea31a47cdcab16fee85d0096fb2e4754bf8fa1d369a7deb45a429623b.css?body=1" for 127.0.0.1 at 2016-05-02 17:44:32 -0400


Started GET "/assets/jquery.self-c64a74367bda6ef8b860f19e74df08927ca99d2be2ac934e9e92d5fd361e0da4.js?body=1" for 127.0.0.1 at 2016-05-02 17:44:32 -0400


Started GET "/assets/jquery_ujs.self-d602bdfe68ffc63b9f9cc512872aa3cfff046228a0a36e90dd476e8ef54c1b09.js?body=1" for 127.0.0.1 at 2016-05-02 17:44:32 -0400


Started GET "/assets/jquery_readyselector.self-e8333e4cf02799551960a3d4743eee34a3486889bfb9339716ea7deafb7b5224.js?body=1" for 127.0.0.1 at 2016-05-02 17:44:32 -0400


Started GET "/assets/build-error-html.self-5fe653b6c12fee9832fa0fde9c3a201b39d4d2e094ffa0494e4545c21260ac84.js?body=1" for 127.0.0.1 at 2016-05-02 17:44:32 -0400


Started GET "/assets/bootstrap.self-f483ac3b88e1e3370077b698c09eeccfa05db3d0e26a303a9067085517dd829c.css?body=1" for 127.0.0.1 at 2016-05-02 17:44:32 -0400


Started GET "/assets/build-tourney-html.self-ad498f66a5be7bd61752052559cec3db8f612030f0769e16a0b2e8da7a5752fd.js?body=1" for 127.0.0.1 at 2016-05-02 17:44:32 -0400


Started GET "/assets/tournament-new.self-2c228e2bdf8deb82248a753ebacc70a5d3d96d93e3c6ce75639cf3e4387f9bfd.js?body=1" for 127.0.0.1 at 2016-05-02 17:44:32 -0400


Started GET "/assets/tournaments-index.self-ae549ecf426b408499148430bdede6fc35266bac623ed81d5d000e12363a181a.js?body=1" for 127.0.0.1 at 2016-05-02 17:44:32 -0400


Started GET "/assets/build-tourney-list-html.self-b543f1c45e64cf6131722a6793a5c941c6738105abbc7cd54724623b02630080.js?body=1" for 127.0.0.1 at 2016-05-02 17:44:32 -0400


Started GET "/assets/tournaments.self-d8ac4eba90c65f43025ec5fba60840863af26310beecab62c6e2983dc07953f9.js?body=1" for 127.0.0.1 at 2016-05-02 17:44:32 -0400


Started GET "/assets/application.self-f8806224e027f3e3f0138ea9ce99319e298dfdb323304d1f1be6eae8e8c74724.js?body=1" for 127.0.0.1 at 2016-05-02 17:44:32 -0400


Started GET "/assets/bootstrap.self-2bbd2c0465f01b1f8270958ddfc2e62a08915f295a35d22df2971eb936cf3c64.js?body=1" for 127.0.0.1 at 2016-05-02 17:44:32 -0400


Started GET "/assets/bootstrap.css.map" for 127.0.0.1 at 2016-05-02 17:44:32 -0400


Started GET "/api/tournaments.json" for 127.0.0.1 at 2016-05-02 17:44:32 -0400
Processing by TournamentsController#index as JSON
Completed 500 Internal Server Error in 4ms (ActiveRecord: 0.0ms)

ActionView::MissingTemplate (Missing template tournaments/index, application/index with {:locale=>[:en], :formats=>[:json], :variants=>[], :handlers=>[:erb, :builder, :raw, :ruby, :jbuilder]}. Searched in:
  * "/home/afas/Ironhack/Course/week6/video-games-tournament/app/views"
):
  app/controllers/tournaments_controller.rb:3:in `index'


  Rendered /home/afas/.rvm/gems/ruby-2.2.1/gems/actionpack-4.2.1/lib/action_dispatch/middleware/templates/rescues/missing_template.text.erb (0.8ms)


Started GET "/" for 127.0.0.1 at 2016-05-02 17:55:43 -0400
  [1m[36mActiveRecord::SchemaMigration Load (0.3ms)[0m  [1mSELECT "schema_migrations".* FROM "schema_migrations"[0m

SyntaxError (/home/afas/Ironhack/Course/week6/video-games-tournament/app/controllers/tournaments_controller.rb:15: syntax error, unexpected keyword_end, expecting end-of-input):
  app/controllers/tournaments_controller.rb:15: syntax error, unexpected keyword_end, expecting end-of-input


  Rendered /home/afas/.rvm/gems/ruby-2.2.1/gems/actionpack-4.2.1/lib/action_dispatch/middleware/templates/rescues/_source.erb (15.7ms)
  Rendered /home/afas/.rvm/gems/ruby-2.2.1/gems/actionpack-4.2.1/lib/action_dispatch/middleware/templates/rescues/_trace.html.erb (7.1ms)
  Rendered /home/afas/.rvm/gems/ruby-2.2.1/gems/actionpack-4.2.1/lib/action_dispatch/middleware/templates/rescues/_request_and_response.html.erb (21.9ms)
  Rendered /home/afas/.rvm/gems/ruby-2.2.1/gems/actionpack-4.2.1/lib/action_dispatch/middleware/templates/rescues/diagnostics.html.erb within rescues/layout (73.1ms)
  Rendered /home/afas/.rvm/gems/ruby-2.2.1/gems/web-console-2.3.0/lib/web_console/templates/_markup.html.erb (1.0ms)
  Rendered /home/afas/.rvm/gems/ruby-2.2.1/gems/web-console-2.3.0/lib/web_console/templates/_inner_console_markup.html.erb within layouts/inlined_string (0.8ms)
  Rendered /home/afas/.rvm/gems/ruby-2.2.1/gems/web-console-2.3.0/lib/web_console/templates/_prompt_box_markup.html.erb within layouts/inlined_string (0.8ms)
  Rendered /home/afas/.rvm/gems/ruby-2.2.1/gems/web-console-2.3.0/lib/web_console/templates/style.css.erb within layouts/inlined_string (0.8ms)
  Rendered /home/afas/.rvm/gems/ruby-2.2.1/gems/web-console-2.3.0/lib/web_console/templates/console.js.erb within layouts/javascript (46.1ms)
  Rendered /home/afas/.rvm/gems/ruby-2.2.1/gems/web-console-2.3.0/lib/web_console/templates/main.js.erb within layouts/javascript (0.8ms)
  Rendered /home/afas/.rvm/gems/ruby-2.2.1/gems/web-console-2.3.0/lib/web_console/templates/error_page.js.erb within layouts/javascript (1.0ms)
  Rendered /home/afas/.rvm/gems/ruby-2.2.1/gems/web-console-2.3.0/lib/web_console/templates/index.html.erb (83.7ms)


Started GET "/" for 127.0.0.1 at 2016-05-02 17:56:01 -0400
Processing by TournamentsController#index as HTML
  Rendered tournaments/index.html.erb within layouts/application (3.5ms)
Completed 200 OK in 597ms (Views: 595.9ms | ActiveRecord: 0.0ms)


Started GET "/assets/bootstrap.self-f483ac3b88e1e3370077b698c09eeccfa05db3d0e26a303a9067085517dd829c.css?body=1" for 127.0.0.1 at 2016-05-02 17:56:01 -0400


Started GET "/assets/tournaments.self-210d043ea31a47cdcab16fee85d0096fb2e4754bf8fa1d369a7deb45a429623b.css?body=1" for 127.0.0.1 at 2016-05-02 17:56:01 -0400


Started GET "/assets/application.self-d885a0a66bd595c10edb24f8879f94e334d88be0730c4d7c7a7b57c731c09037.css?body=1" for 127.0.0.1 at 2016-05-02 17:56:01 -0400


Started GET "/assets/jquery.self-c64a74367bda6ef8b860f19e74df08927ca99d2be2ac934e9e92d5fd361e0da4.js?body=1" for 127.0.0.1 at 2016-05-02 17:56:01 -0400


Started GET "/assets/jquery_ujs.self-d602bdfe68ffc63b9f9cc512872aa3cfff046228a0a36e90dd476e8ef54c1b09.js?body=1" for 127.0.0.1 at 2016-05-02 17:56:01 -0400


Started GET "/assets/jquery_readyselector.self-e8333e4cf02799551960a3d4743eee34a3486889bfb9339716ea7deafb7b5224.js?body=1" for 127.0.0.1 at 2016-05-02 17:56:01 -0400


Started GET "/assets/bootstrap.self-2bbd2c0465f01b1f8270958ddfc2e62a08915f295a35d22df2971eb936cf3c64.js?body=1" for 127.0.0.1 at 2016-05-02 17:56:02 -0400


Started GET "/assets/build-error-html.self-5fe653b6c12fee9832fa0fde9c3a201b39d4d2e094ffa0494e4545c21260ac84.js?body=1" for 127.0.0.1 at 2016-05-02 17:56:02 -0400


Started GET "/assets/build-tourney-html.self-ad498f66a5be7bd61752052559cec3db8f612030f0769e16a0b2e8da7a5752fd.js?body=1" for 127.0.0.1 at 2016-05-02 17:56:02 -0400


Started GET "/assets/tournament-new.self-2c228e2bdf8deb82248a753ebacc70a5d3d96d93e3c6ce75639cf3e4387f9bfd.js?body=1" for 127.0.0.1 at 2016-05-02 17:56:02 -0400


Started GET "/assets/build-tourney-list-html.self-b543f1c45e64cf6131722a6793a5c941c6738105abbc7cd54724623b02630080.js?body=1" for 127.0.0.1 at 2016-05-02 17:56:02 -0400


Started GET "/assets/tournaments-index.self-ae549ecf426b408499148430bdede6fc35266bac623ed81d5d000e12363a181a.js?body=1" for 127.0.0.1 at 2016-05-02 17:56:02 -0400


Started GET "/assets/tournaments.self-d8ac4eba90c65f43025ec5fba60840863af26310beecab62c6e2983dc07953f9.js?body=1" for 127.0.0.1 at 2016-05-02 17:56:02 -0400


Started GET "/assets/bootstrap.css.map" for 127.0.0.1 at 2016-05-02 17:56:02 -0400


Started GET "/assets/application.self-f8806224e027f3e3f0138ea9ce99319e298dfdb323304d1f1be6eae8e8c74724.js?body=1" for 127.0.0.1 at 2016-05-02 17:56:02 -0400


Started GET "/api/tournaments.json" for 127.0.0.1 at 2016-05-02 17:56:02 -0400
Processing by TournamentsController#api as JSON
  [1m[35mTournament Load (0.7ms)[0m  SELECT  "tournaments".* FROM "tournaments" WHERE "tournaments"."id" IS NULL LIMIT 1
Completed 404 Not Found in 39ms (Views: 0.4ms | ActiveRecord: 0.9ms)


Started GET "/api/tournaments" for 127.0.0.1 at 2016-05-02 17:56:40 -0400
Processing by TournamentsController#api as HTML
  [1m[36mTournament Load (1.6ms)[0m  [1mSELECT  "tournaments".* FROM "tournaments" WHERE "tournaments"."id" IS NULL LIMIT 1[0m
Completed 404 Not Found in 4ms (Views: 0.3ms | ActiveRecord: 1.6ms)


Started GET "/api/tournaments" for 127.0.0.1 at 2016-05-02 17:56:51 -0400
Processing by TournamentsController#api as */*
  [1m[35mTournament Load (0.4ms)[0m  SELECT  "tournaments".* FROM "tournaments" WHERE "tournaments"."id" IS NULL LIMIT 1
Completed 404 Not Found in 2ms (Views: 0.3ms | ActiveRecord: 0.4ms)


Started GET "/api/tournaments.json" for 127.0.0.1 at 2016-05-02 17:57:05 -0400
Processing by TournamentsController#api as JSON
  [1m[36mTournament Load (1.0ms)[0m  [1mSELECT  "tournaments".* FROM "tournaments" WHERE "tournaments"."id" IS NULL LIMIT 1[0m
Completed 404 Not Found in 5ms (Views: 1.9ms | ActiveRecord: 1.0ms)


Started GET "/api/tournaments" for 127.0.0.1 at 2016-05-02 17:57:16 -0400
Processing by TournamentsController#api as */*
  [1m[35mTournament Load (3.5ms)[0m  SELECT  "tournaments".* FROM "tournaments" WHERE "tournaments"."id" IS NULL LIMIT 1
Completed 404 Not Found in 6ms (Views: 0.3ms | ActiveRecord: 3.5ms)


Started GET "/api/tournaments/1" for 127.0.0.1 at 2016-05-02 17:57:38 -0400

ActionController::RoutingError (No route matches [GET] "/api/tournaments/1"):
  actionpack (4.2.1) lib/action_dispatch/middleware/debug_exceptions.rb:21:in `call'
  web-console (2.3.0) lib/web_console/middleware.rb:28:in `block in call'
  web-console (2.3.0) lib/web_console/middleware.rb:18:in `catch'
  web-console (2.3.0) lib/web_console/middleware.rb:18:in `call'
  actionpack (4.2.1) lib/action_dispatch/middleware/show_exceptions.rb:30:in `call'
  railties (4.2.1) lib/rails/rack/logger.rb:38:in `call_app'
  railties (4.2.1) lib/rails/rack/logger.rb:20:in `block in call'
  activesupport (4.2.1) lib/active_support/tagged_logging.rb:68:in `block in tagged'
  activesupport (4.2.1) lib/active_support/tagged_logging.rb:26:in `tagged'
  activesupport (4.2.1) lib/active_support/tagged_logging.rb:68:in `tagged'
  railties (4.2.1) lib/rails/rack/logger.rb:20:in `call'
  actionpack (4.2.1) lib/action_dispatch/middleware/request_id.rb:21:in `call'
  rack (1.6.4) lib/rack/methodoverride.rb:22:in `call'
  rack (1.6.4) lib/rack/runtime.rb:18:in `call'
  activesupport (4.2.1) lib/active_support/cache/strategy/local_cache_middleware.rb:28:in `call'
  rack (1.6.4) lib/rack/lock.rb:17:in `call'
  actionpack (4.2.1) lib/action_dispatch/middleware/static.rb:113:in `call'
  rack (1.6.4) lib/rack/sendfile.rb:113:in `call'
  railties (4.2.1) lib/rails/engine.rb:518:in `call'
  railties (4.2.1) lib/rails/application.rb:164:in `call'
  rack (1.6.4) lib/rack/lock.rb:17:in `call'
  rack (1.6.4) lib/rack/content_length.rb:15:in `call'
  rack (1.6.4) lib/rack/handler/webrick.rb:88:in `service'
  /home/afas/.rvm/rubies/ruby-2.2.1/lib/ruby/2.2.0/webrick/httpserver.rb:138:in `service'
  /home/afas/.rvm/rubies/ruby-2.2.1/lib/ruby/2.2.0/webrick/httpserver.rb:94:in `run'
  /home/afas/.rvm/rubies/ruby-2.2.1/lib/ruby/2.2.0/webrick/server.rb:294:in `block in start_thread'


  Rendered /home/afas/.rvm/gems/ruby-2.2.1/gems/actionpack-4.2.1/lib/action_dispatch/middleware/templates/rescues/_trace.html.erb (7.3ms)
  Rendered /home/afas/.rvm/gems/ruby-2.2.1/gems/actionpack-4.2.1/lib/action_dispatch/middleware/templates/routes/_route.html.erb (3.4ms)
  Rendered /home/afas/.rvm/gems/ruby-2.2.1/gems/actionpack-4.2.1/lib/action_dispatch/middleware/templates/routes/_table.html.erb (31.3ms)
  Rendered /home/afas/.rvm/gems/ruby-2.2.1/gems/actionpack-4.2.1/lib/action_dispatch/middleware/templates/rescues/_request_and_response.html.erb (4.5ms)
  Rendered /home/afas/.rvm/gems/ruby-2.2.1/gems/actionpack-4.2.1/lib/action_dispatch/middleware/templates/rescues/routing_error.html.erb within rescues/layout (87.3ms)
  Rendered /home/afas/.rvm/gems/ruby-2.2.1/gems/web-console-2.3.0/lib/web_console/templates/_markup.html.erb (1.8ms)
  Rendered /home/afas/.rvm/gems/ruby-2.2.1/gems/web-console-2.3.0/lib/web_console/templates/_inner_console_markup.html.erb within layouts/inlined_string (0.7ms)
  Rendered /home/afas/.rvm/gems/ruby-2.2.1/gems/web-console-2.3.0/lib/web_console/templates/_prompt_box_markup.html.erb within layouts/inlined_string (0.7ms)
  Rendered /home/afas/.rvm/gems/ruby-2.2.1/gems/web-console-2.3.0/lib/web_console/templates/style.css.erb within layouts/inlined_string (0.8ms)
  Rendered /home/afas/.rvm/gems/ruby-2.2.1/gems/web-console-2.3.0/lib/web_console/templates/console.js.erb within layouts/javascript (37.9ms)
  Rendered /home/afas/.rvm/gems/ruby-2.2.1/gems/web-console-2.3.0/lib/web_console/templates/main.js.erb within layouts/javascript (1.6ms)
  Rendered /home/afas/.rvm/gems/ruby-2.2.1/gems/web-console-2.3.0/lib/web_console/templates/error_page.js.erb within layouts/javascript (0.9ms)
  Rendered /home/afas/.rvm/gems/ruby-2.2.1/gems/web-console-2.3.0/lib/web_console/templates/index.html.erb (69.8ms)


Started GET "/api/tournaments/1" for 127.0.0.1 at 2016-05-02 17:58:48 -0400
Processing by TournamentsController#api as */*
  Parameters: {"id"=>"1"}
  [1m[36mTournament Load (0.5ms)[0m  [1mSELECT  "tournaments".* FROM "tournaments" WHERE "tournaments"."id" = ? LIMIT 1[0m  [["id", 1]]
Completed 200 OK in 45ms (Views: 1.5ms | ActiveRecord: 1.9ms)
